<?xml version='1.0'?>
<ns2:test-suite xmlns:ns2='urn:model.allure.qatools.yandex.ru' start='1623996810923' stop='1623996918843'>
    <name>Sign up- sureshprojectCode</name>
    <title>Sign up- sureshprojectCode</title>
    <test-cases>
        <test-case start='1623996810936' status='failed' stop='1623996859125'>
            <name>TC001 to verify that user can signup successfully</name>
            <title>TC001 to verify that user can signup successfully</title>
            <labels/>
            <parameters/>
            <steps/>
            <attachments>
                <attachment title='Screenshot' source='095ccadc-fb61-4a7d-8f0b-ad71f18b523e-attachment.png' type='image/png' size='106278'/>
                <attachment title='Screenshot' source='b9f27727-8144-4137-8af4-57a887b539d0-attachment.png' type='image/png' size='84573'/>
            </attachments>
            <failure>
                <message>Failed: Element is not visible
                Wait timed out after 30073ms</message>
                <stack-trace>TimeoutError: Element is not visible
                Wait timed out after 30073ms
                    at C:\Users\suresh\AppData\Roaming\npm\node_modules\protractor\node_modules\selenium-webdriver\lib\promise.js:2201:17
                    at runMicrotasks (&lt;anonymous>)
                    at processTicksAndRejections (internal/process/task_queues.js:93:5)
                From asynchronous test: 
                Error: 
                    at Suite.&lt;anonymous> (C:\Users\suresh\Desktop\LatestProtractor\test-ts\signup.spec.ts:29:5)
                    at addSpecsToSuite (C:\Users\suresh\AppData\Roaming\npm\node_modules\protractor\node_modules\jasmine-core\lib\jasmine-core\jasmine.js:1107:25)
                    at Env.describe (C:\Users\suresh\AppData\Roaming\npm\node_modules\protractor\node_modules\jasmine-core\lib\jasmine-core\jasmine.js:1074:7)
                    at describe (C:\Users\suresh\AppData\Roaming\npm\node_modules\protractor\node_modules\jasmine-core\lib\jasmine-core\jasmine.js:4399:18)
                    at Object.&lt;anonymous> (C:\Users\suresh\Desktop\LatestProtractor\test-ts\signup.spec.ts:16:1)
                    at Module._compile (internal/modules/cjs/loader.js:1063:30)
                    at Module.m._compile (C:\Users\suresh\Desktop\LatestProtractor\node_modules\ts-node\src\index.ts:858:23)
                    at Module._extensions..js (internal/modules/cjs/loader.js:1092:10)
                    at Object.require.extensions.&lt;computed> [as .ts] (C:\Users\suresh\Desktop\LatestProtractor\node_modules\ts-node\src\index.ts:861:12)</stack-trace>
            </failure>
        </test-case>
        <test-case start='1623996859125' status='passed' stop='1623996867965'>
            <name>TC002 To verify that the signup fails</name>
            <title>TC002 To verify that the signup fails</title>
            <labels/>
            <parameters/>
            <steps/>
            <attachments>
                <attachment title='Screenshot' source='c5f3cc14-1a98-4603-9c0d-9e5fce751229-attachment.png' type='image/png' size='84573'/>
                <attachment title='Screenshot' source='3ee9d0bc-1c7a-40a3-b72b-61bfd6ccda16-attachment.png' type='image/png' size='91063'/>
            </attachments>
        </test-case>
        <test-case start='1623996867965' status='passed' stop='1623996878374'>
            <name>TC003 To verify that the vaid email and no pwd for signup fails</name>
            <title>TC003 To verify that the vaid email and no pwd for signup fails</title>
            <labels/>
            <parameters/>
            <steps/>
            <attachments>
                <attachment title='Screenshot' source='9f139bdf-b04f-4dea-8f91-e269c10f802e-attachment.png' type='image/png' size='91063'/>
                <attachment title='Screenshot' source='056c2fd2-cb99-4bd8-a2c9-1deebd6453d3-attachment.png' type='image/png' size='94261'/>
            </attachments>
        </test-case>
        <test-case start='1623996878374' status='failed' stop='1623996918841'>
            <name>TC003 To verify that the vaid PWD and no email for signup fails</name>
            <title>TC003 To verify that the vaid PWD and no email for signup fails</title>
            <labels/>
            <parameters/>
            <steps/>
            <attachments>
                <attachment title='Screenshot' source='7e0f2715-e070-481b-8453-821509dd1c18-attachment.png' type='image/png' size='94261'/>
                <attachment title='Screenshot' source='5043fa81-8c0a-4bc9-a6d8-ed4fcbc2a91b-attachment.png' type='image/png' size='89488'/>
            </attachments>
            <failure>
                <message>Expected 'Error: The email address is badly formatted.' to be 'Error: The email address is already in use by another account.'.</message>
                <stack-trace>Error: Failed expectation
                    at Common.&lt;anonymous> (C:\Users\suresh\Desktop\LatestProtractor\LetBase\base\ProtractorBase.ts:28:35)
                    at Generator.next (&lt;anonymous>)
                    at fulfilled (C:\Users\suresh\Desktop\LatestProtractor\LetBase\base\ProtractorBase.ts:5:58)
                    at runMicrotasks (&lt;anonymous>)
                    at processTicksAndRejections (internal/process/task_queues.js:93:5)</stack-trace>
            </failure>
        </test-case>
    </test-cases>
</ns2:test-suite>